# JRE version: OpenJDK Runtime Environment (8.0_242-b01) (build 1.8.0_242-release-1644-b01)
# Java VM: OpenJDK 64-Bit Server VM (25.242-b01 mixed mode windows-amd64 compressed oops)
Heap:
 PSYoungGen      total 117248K, used 27005K [0x00000000d5580000, 0x00000000df680000, 0x0000000100000000)
  eden space 104960K, 25% used [0x00000000d5580000,0x00000000d6fdf518,0x00000000dbc00000)
  from space 12288K, 0% used [0x00000000dbc00000,0x00000000dbc00000,0x00000000dc800000)
  to   space 11776K, 0% used [0x00000000deb00000,0x00000000deb00000,0x00000000df680000)
 ParOldGen       total 92160K, used 14292K [0x0000000080000000, 0x0000000085a00000, 0x00000000d5580000)
  object space 92160K, 15% used [0x0000000080000000,0x0000000080df5090,0x0000000085a00000)
 Metaspace       used 35636K, capacity 36798K, committed 37032K, reserved 1081344K
  class space    used 4902K, capacity 5174K, committed 5296K, reserved 1048576K
GC Heap History (10 events):
Event: 7.153 GC heap before
{Heap before GC invocations=7 (full 1):
 PSYoungGen      total 76288K, used 8479K [0x00000000d5580000, 0x00000000dab80000, 0x0000000100000000)
  eden space 66048K, 0% used [0x00000000d5580000,0x00000000d5580000,0x00000000d9600000)
  from space 10240K, 82% used [0x00000000da080000,0x00000000da8c7c90,0x00000000daa80000)
  to   space 10752K, 0% used [0x00000000d9600000,0x00000000d9600000,0x00000000da080000)
 ParOldGen       total 87552K, used 6515K [0x0000000080000000, 0x0000000085580000, 0x00000000d5580000)
  object space 87552K, 7% used [0x0000000080000000,0x000000008065cd18,0x0000000085580000)
 Metaspace       used 20606K, capacity 21236K, committed 21296K, reserved 1067008K
  class space    used 2876K, capacity 3080K, committed 3120K, reserved 1048576K
Event: 7.216 GC heap after
Heap after GC invocations=7 (full 1):
 PSYoungGen      total 76288K, used 0K [0x00000000d5580000, 0x00000000dab80000, 0x0000000100000000)
  eden space 66048K, 0% used [0x00000000d5580000,0x00000000d5580000,0x00000000d9600000)
  from space 10240K, 0% used [0x00000000da080000,0x00000000da080000,0x00000000daa80000)
  to   space 10752K, 0% used [0x00000000d9600000,0x00000000d9600000,0x00000000da080000)
 ParOldGen       total 58368K, used 9050K [0x0000000080000000, 0x0000000083900000, 0x00000000d5580000)
  object space 58368K, 15% used [0x0000000080000000,0x00000000808d6a80,0x0000000083900000)
 Metaspace       used 20606K, capacity 21236K, committed 21296K, reserved 1067008K
  class space    used 2876K, capacity 3080K, committed 3120K, reserved 1048576K
}
Event: 9.447 GC heap before
{Heap before GC invocations=8 (full 1):
 PSYoungGen      total 76288K, used 66048K [0x00000000d5580000, 0x00000000dab80000, 0x0000000100000000)
  eden space 66048K, 100% used [0x00000000d5580000,0x00000000d9600000,0x00000000d9600000)
  from space 10240K, 0% used [0x00000000da080000,0x00000000da080000,0x00000000daa80000)
  to   space 10752K, 0% used [0x00000000d9600000,0x00000000d9600000,0x00000000da080000)
 ParOldGen       total 58368K, used 9050K [0x0000000080000000, 0x0000000083900000, 0x00000000d5580000)
  object space 58368K, 15% used [0x0000000080000000,0x00000000808d6a80,0x0000000083900000)
 Metaspace       used 28912K, capacity 29708K, committed 29872K, reserved 1075200K
  class space    used 4007K, capacity 4231K, committed 4272K, reserved 1048576K
Event: 9.466 GC heap after
Heap after GC invocations=8 (full 1):
 PSYoungGen      total 76800K, used 8713K [0x00000000d5580000, 0x00000000dd300000, 0x0000000100000000)
  eden space 66048K, 0% used [0x00000000d5580000,0x00000000d5580000,0x00000000d9600000)
  from space 10752K, 81% used [0x00000000d9600000,0x00000000d9e82648,0x00000000da080000)
  to   space 11264K, 0% used [0x00000000dc800000,0x00000000dc800000,0x00000000dd300000)
 ParOldGen       total 58368K, used 9058K [0x0000000080000000, 0x0000000083900000, 0x00000000d5580000)
  object space 58368K, 15% used [0x0000000080000000,0x00000000808d8a80,0x0000000083900000)
 Metaspace       used 28912K, capacity 29708K, committed 29872K, reserved 1075200K
  class space    used 4007K, capacity 4231K, committed 4272K, reserved 1048576K
}
Event: 12.258 GC heap before
{Heap before GC invocations=9 (full 1):
 PSYoungGen      total 76800K, used 74761K [0x00000000d5580000, 0x00000000dd300000, 0x0000000100000000)
  eden space 66048K, 100% used [0x00000000d5580000,0x00000000d9600000,0x00000000d9600000)
  from space 10752K, 81% used [0x00000000d9600000,0x00000000d9e82648,0x00000000da080000)
  to   space 11264K, 0% used [0x00000000dc800000,0x00000000dc800000,0x00000000dd300000)
 ParOldGen       total 58368K, used 9058K [0x0000000080000000, 0x0000000083900000, 0x00000000d5580000)
  object space 58368K, 15% used [0x0000000080000000,0x00000000808d8a80,0x0000000083900000)
 Metaspace       used 33136K, capacity 34192K, committed 34352K, reserved 1079296K
  class space    used 4535K, capacity 4795K, committed 4912K, reserved 1048576K
Event: 12.287 GC heap after
Heap after GC invocations=9 (full 1):
 PSYoungGen      total 116224K, used 9281K [0x00000000d5580000, 0x00000000dd480000, 0x0000000100000000)
  eden space 104960K, 0% used [0x00000000d5580000,0x00000000d5580000,0x00000000dbc00000)
  from space 11264K, 82% used [0x00000000dc800000,0x00000000dd110620,0x00000000dd300000)
  to   space 12288K, 0% used [0x00000000dbc00000,0x00000000dbc00000,0x00000000dc800000)
 ParOldGen       total 58368K, used 9066K [0x0000000080000000, 0x0000000083900000, 0x00000000d5580000)
  object space 58368K, 15% used [0x0000000080000000,0x00000000808daa80,0x0000000083900000)
 Metaspace       used 33136K, capacity 34192K, committed 34352K, reserved 1079296K
  class space    used 4535K, capacity 4795K, committed 4912K, reserved 1048576K
}
Event: 13.405 GC heap before
{Heap before GC invocations=10 (full 1):
 PSYoungGen      total 116224K, used 33872K [0x00000000d5580000, 0x00000000dd480000, 0x0000000100000000)
  eden space 104960K, 23% used [0x00000000d5580000,0x00000000d6d83a40,0x00000000dbc00000)
  from space 11264K, 82% used [0x00000000dc800000,0x00000000dd110620,0x00000000dd300000)
  to   space 12288K, 0% used [0x00000000dbc00000,0x00000000dbc00000,0x00000000dc800000)
 ParOldGen       total 58368K, used 9066K [0x0000000080000000, 0x0000000083900000, 0x00000000d5580000)
  object space 58368K, 15% used [0x0000000080000000,0x00000000808daa80,0x0000000083900000)
 Metaspace       used 34283K, capacity 35424K, committed 35496K, reserved 1079296K
  class space    used 4719K, capacity 5005K, committed 5040K, reserved 1048576K
Event: 13.415 GC heap after
Heap after GC invocations=10 (full 1):
 PSYoungGen      total 117248K, used 7788K [0x00000000d5580000, 0x00000000df680000, 0x0000000100000000)
  eden space 104960K, 0% used [0x00000000d5580000,0x00000000d5580000,0x00000000dbc00000)
  from space 12288K, 63% used [0x00000000dbc00000,0x00000000dc39b178,0x00000000dc800000)
  to   space 11776K, 0% used [0x00000000deb00000,0x00000000deb00000,0x00000000df680000)
 ParOldGen       total 58368K, used 9074K [0x0000000080000000, 0x0000000083900000, 0x00000000d5580000)
  object space 58368K, 15% used [0x0000000080000000,0x00000000808dca80,0x0000000083900000)
 Metaspace       used 34283K, capacity 35424K, committed 35496K, reserved 1079296K
  class space    used 4719K, capacity 5005K, committed 5040K, reserved 1048576K
}
Event: 13.415 GC heap before
{Heap before GC invocations=11 (full 2):
 PSYoungGen      total 117248K, used 7788K [0x00000000d5580000, 0x00000000df680000, 0x0000000100000000)
  eden space 104960K, 0% used [0x00000000d5580000,0x00000000d5580000,0x00000000dbc00000)
  from space 12288K, 63% used [0x00000000dbc00000,0x00000000dc39b178,0x00000000dc800000)
  to   space 11776K, 0% used [0x00000000deb00000,0x00000000deb00000,0x00000000df680000)
 ParOldGen       total 58368K, used 9074K [0x0000000080000000, 0x0000000083900000, 0x00000000d5580000)
  object space 58368K, 15% used [0x0000000080000000,0x00000000808dca80,0x0000000083900000)
 Metaspace       used 34283K, capacity 35424K, committed 35496K, reserved 1079296K
  class space    used 4719K, capacity 5005K, committed 5040K, reserved 1048576K
Event: 13.605 GC heap after
Heap after GC invocations=11 (full 2):
 PSYoungGen      total 117248K, used 0K [0x00000000d5580000, 0x00000000df680000, 0x0000000100000000)
  eden space 104960K, 0% used [0x00000000d5580000,0x00000000d5580000,0x00000000dbc00000)
  from space 12288K, 0% used [0x00000000dbc00000,0x00000000dbc00000,0x00000000dc800000)
  to   space 11776K, 0% used [0x00000000deb00000,0x00000000deb00000,0x00000000df680000)
 ParOldGen       total 92160K, used 14292K [0x0000000080000000, 0x0000000085a00000, 0x00000000d5580000)
  object space 92160K, 15% used [0x0000000080000000,0x0000000080df5090,0x0000000085a00000)
 Metaspace       used 34283K, capacity 35424K, committed 35496K, reserved 1079296K
  class space    used 4719K, capacity 5005K, committed 5040K, reserved 1048576K
}

